






Started logging.
2021/11/25 01:39:16 logging to d:\Users\Thiago\Documents\GitHub\Computing_Systems_project\CODE\Serial.Transfer_library_rx\inols.log
2021/11/25 01:39:16 Initial board configuration: {"Arduino NANO 33 IoT" arduino:samd:nano_33_iot}
2021/11/25 01:39:16 Language server build path: C:\Users\Thiag\AppData\Local\Temp\arduino-language-server218210339
2021/11/25 01:39:16 Language server build sketch root: C:\Users\Thiag\AppData\Local\Temp\arduino-language-server218210339\sketch
2021/11/25 01:39:16 [92mIDE --> LS     CL: REQUEST initialize 0: [0m
2021/11/25 01:39:16 IDE --> initialize 0 [93m locked[0m
2021/11/25 01:39:16 IDE --> initialize 0 [93m unlocked[0m
2021/11/25 01:39:16 INIT--- initializing workbench
2021/11/25 01:39:16 INIT--- [93m locked[0m
2021/11/25 01:39:16 [91mIDE <-- LS     CL: ANSWER UNBOUND (0): [0m
2021/11/25 01:39:16     --> initialize(file:///d%3A/Users/Thiago/Documents/GitHub/Computing_Systems_project/CODE/Serial.Transfer_library_rx)
2021/11/25 01:39:16 running:  c:\Program Files\Arduino IDE\resources\app\node_modules\arduino-ide-extension\build\arduino-cli.exe --config-file c:\Users\Thiag\.arduinoIDE\arduino-cli.yaml compile --fqbn arduino:samd:nano_33_iot --only-compilation-database --clean --source-override C:\Users\Thiag\AppData\Local\Temp\158173990 --build-path C:\Users\Thiag\AppData\Local\Temp\arduino-language-server218210339 --format json D:\Users\Thiago\Documents\GitHub\Computing_Systems_project\CODE\Serial.Transfer_library_rx
2021/11/25 01:39:16 [92mIDE --> LS     CL: NOTIFICATION initialized: [0m
2021/11/25 01:39:17 arduino-cli output: {
  "compiler_out": "",
  "compiler_err": "",
  "builder_result": {
    "build_path": "C:\\Users\\Thiag\\AppData\\Local\\Temp\\arduino-language-server218210339"
  },
  "success": false
}

2021/11/25 01:39:17 running:  c:\Program Files\Arduino IDE\resources\app\node_modules\arduino-ide-extension\build\arduino-cli.exe --config-file c:\Users\Thiag\.arduinoIDE\arduino-cli.yaml config dump --format json
2021/11/25 01:39:17 Arduino Data Dir ->  c:\Users\Thiag\AppData\Local\Arduino15
2021/11/25 01:39:17     Starting clangd: c:\Program Files\Arduino IDE\resources\app\node_modules\arduino-ide-extension\build\bin\clangd.exe -log=verbose --compile-commands-dir=C:\Users\Thiag\AppData\Local\Temp\arduino-language-server218210339 -query-driver=c:\Users\Thiag\AppData\Local\Arduino15\packages\**
2021/11/25 01:39:17 logging to d:\Users\Thiago\Documents\GitHub\Computing_Systems_project\CODE\Serial.Transfer_library_rx\inols-clangd.log
2021/11/25 01:39:17 logging to d:\Users\Thiago\Documents\GitHub\Computing_Systems_project\CODE\Serial.Transfer_library_rx\inols-clangd-err.log
2021/11/25 01:39:17 [91mIDE     LS --> CL: REQUEST initialize 0: [0m
2021/11/25 01:39:18 [92mIDE     LS <-- CL: ANSWER initialize 0 (0): [0m
2021/11/25 01:39:18 [91mIDE     LS --> CL: NOTIFICATION initialized: [0m
2021/11/25 01:39:18 INIT--- initializing workbench (done)
2021/11/25 01:39:18 INIT--- [93m unlocked[0m
2021/11/25 01:39:18 IDE --> initialized notif1 [93m read-locked[0m
2021/11/25 01:39:18 IDE --> initialized notif1 notification is not propagated to clangd
2021/11/25 01:39:18 IDE --> initialized notif1 [93m read-unlocked[0m
2021/11/25 01:39:18 [92mIDE --> LS     CL: NOTIFICATION textDocument/didOpen: [0m
2021/11/25 01:39:18 IDE --> textDocument/didOpen notif2 [93m locked[0m
2021/11/25 01:39:18 IDE --> textDocument/didOpen notif2 (file:///d%3A/Users/Thiago/Documents/GitHub/Computing_Systems_project/CODE/Serial.Transfer_library_rx/Serial.Transfer_library_rx.ino@1 as 'cpp')
2021/11/25 01:39:18     increasing .ino tracked files count: 1
2021/11/25 01:39:18 IDE --> textDocument/didOpen notif2 to clang: didOpen(file:///C:/Users/Thiag/AppData/Local/Temp/arduino-language-server218210339/sketch/Serial.Transfer_library_rx.ino.cpp@1 as 'cpp')
2021/11/25 01:39:18 IDE --> textDocument/didOpen notif2 sent to Clang
2021/11/25 01:39:18 [91mIDE     LS --> CL: NOTIFICATION textDocument/didOpen: [0m
2021/11/25 01:39:18 IDE --> textDocument/didOpen notif2 Queued resfreshing document symbols
2021/11/25 01:39:18 IDE --> textDocument/didOpen notif2 [93m unlocked[0m
2021/11/25 01:39:18 SYLD--- [93m read-locked[0m
2021/11/25 01:39:18 SYLD--- requesting documentSymbol for file:///C:/Users/Thiag/AppData/Local/Temp/arduino-language-server218210339/sketch/Serial.Transfer_library_rx.ino.cpp
2021/11/25 01:39:18 SYLD--- [93m read-unlocked[0m
2021/11/25 01:39:18 [91mIDE     LS --> CL: REQUEST textDocument/documentSymbol 1: [0m
2021/11/25 01:39:18 [92mIDE --> LS     CL: REQUEST textDocument/codeAction 1: [0m
2021/11/25 01:39:18 IDE --> textDocument/codeAction 1 [93m read-locked[0m
2021/11/25 01:39:18 --> codeAction(file:///d%3A/Users/Thiago/Documents/GitHub/Computing_Systems_project/CODE/Serial.Transfer_library_rx/Serial.Transfer_library_rx.ino:0:0)
2021/11/25 01:39:18 [92mIDE     LS <-- CL: REQUEST window/workDoneProgress/create 0: [0m
2021/11/25 01:39:18 [91mIDE     LS --> CL: ANSWER UNBOUND (0): [0m
2021/11/25 01:39:18 [92mIDE     LS <-- CL: NOTIFICATION $/progress: TOKEN=backgroundIndexProgress BEGIN indexing [0m
2021/11/25 01:39:18 [91mIDE <-- LS     CL: REQUEST window/workDoneProgress/create 0: [0m
2021/11/25 01:39:18     --> codeAction(file:///C:/Users/Thiag/AppData/Local/Temp/arduino-language-server218210339/sketch/Serial.Transfer_library_rx.ino.cpp:2:0)
2021/11/25 01:39:18 IDE --> textDocument/codeAction 1 sent to Clang
2021/11/25 01:39:18 [91mIDE     LS --> CL: REQUEST textDocument/codeAction 2: [0m
2021/11/25 01:39:18 [92mIDE     LS <-- CL: NOTIFICATION $/progress: TOKEN=backgroundIndexProgress REPORT 0/1 0%[0m
2021/11/25 01:39:18 [92mIDE     LS <-- CL: NOTIFICATION $/progress: TOKEN=backgroundIndexProgress REPORT 0/1 0%[0m
2021/11/25 01:39:18 [92mIDE     LS <-- CL: NOTIFICATION $/progress: TOKEN=backgroundIndexProgress END [0m
2021/11/25 01:39:18 [92mIDE     LS <-- CL: NOTIFICATION textDocument/publishDiagnostics: [0m
2021/11/25 01:39:18 CLG <-- textDocument/publishDiagnostics notif5 (queued)
2021/11/25 01:39:18 CLG <-- textDocument/publishDiagnostics notif5 [93m read-locked[0m
2021/11/25 01:39:18 CLG <-- textDocument/publishDiagnostics notif5 (running)
2021/11/25 01:39:18 CLG <-- textDocument/publishDiagnostics notif5 publishDiagnostics(file:///C:/Users/Thiag/AppData/Local/Temp/arduino-language-server218210339/sketch/Serial.Transfer_library_rx.ino.cpp):
2021/11/25 01:39:18 CLG <-- textDocument/publishDiagnostics notif5 > 0:9 - 1: pp_file_not_found
2021/11/25 01:39:18 CLG <-- textDocument/publishDiagnostics notif5 > 4:0 - 1: unknown_typename
2021/11/25 01:39:18 CLG <-- textDocument/publishDiagnostics notif5 > 8:2 - 1: undeclared_var_use
2021/11/25 01:39:18 CLG <-- textDocument/publishDiagnostics notif5 > 9:2 - 1: undeclared_var_use
2021/11/25 01:39:18 CLG <-- textDocument/publishDiagnostics notif5 > 10:19 - 1: undeclared_var_use
2021/11/25 01:39:18 CLG <-- textDocument/publishDiagnostics notif5 > 19:4 - 1: undeclared_var_use
2021/11/25 01:39:18 CLG <-- textDocument/publishDiagnostics notif5 > 21:4 - 1: undeclared_var_use
2021/11/25 01:39:18 CLG <-- textDocument/publishDiagnostics notif5 > 25:4 - 1: undeclared_var_use
2021/11/25 01:39:18 [92mIDE     LS <-- CL: ANSWER textDocument/documentSymbol 1 (1): [0m
2021/11/25 01:39:18 CLG <-- textDocument/publishDiagnostics notif5 > 26:4 - 1: undeclared_var_use
2021/11/25 01:39:18 [92mIDE     LS <-- CL: ANSWER textDocument/codeAction 2 (2): [0m
2021/11/25 01:39:18 SYLD--- [93m read-locked[0m
2021/11/25 01:39:18 SYLD---    symbol: Function setup 6:0-11:1
2021/11/25 01:39:18 SYLD---      TRIMMED> void setup()
2021/11/25 01:39:18 SYLD---    symbol: Function loop 13:0-28:1
2021/11/25 01:39:18 SYLD---      TRIMMED> void loop()
2021/11/25 01:39:18 SYLD--- [93m read-unlocked[0m
2021/11/25 01:39:18 SYLD--- (done)
2021/11/25 01:39:18     URI: converted 0:9-0:20 to /not-ino:0:9-0:20
2021/11/25 01:39:18     <-- codeAction(0 elements)
2021/11/25 01:39:18 <-- codeAction(0 elements)
2021/11/25 01:39:18 IDE --> textDocument/codeAction 1 [93m read-unlocked[0m
2021/11/25 01:39:18 [91mIDE <-- LS     CL: ANSWER UNBOUND (1): [0m
2021/11/25 01:39:18     URI: converted 4:0-4:14 to D:\Users\Thiago\Documents\GitHub\Computing_Systems_project\CODE\Serial.Transfer_library_rx\Serial.Transfer_library_rx.ino:2:0-2:14
2021/11/25 01:39:18 [92mIDE --> LS     CL: REQUEST textDocument/documentSymbol 2: [0m
2021/11/25 01:39:18 IDE --> textDocument/documentSymbol 2 [93m read-locked[0m
2021/11/25 01:39:18 --> documentSymbol(file:///d%3A/Users/Thiago/Documents/GitHub/Computing_Systems_project/CODE/Serial.Transfer_library_rx/Serial.Transfer_library_rx.ino)
2021/11/25 01:39:18     URI: converted 8:2-8:8 to D:\Users\Thiago\Documents\GitHub\Computing_Systems_project\CODE\Serial.Transfer_library_rx\Serial.Transfer_library_rx.ino:6:2-6:8
2021/11/25 01:39:18     URI: converted 9:2-9:9 to D:\Users\Thiago\Documents\GitHub\Computing_Systems_project\CODE\Serial.Transfer_library_rx\Serial.Transfer_library_rx.ino:7:2-7:9
2021/11/25 01:39:18     --> documentSymbol(file:///C:/Users/Thiag/AppData/Local/Temp/arduino-language-server218210339/sketch/Serial.Transfer_library_rx.ino.cpp)
2021/11/25 01:39:18 IDE --> textDocument/documentSymbol 2 sent to Clang
2021/11/25 01:39:18 [91mIDE     LS --> CL: REQUEST textDocument/documentSymbol 3: [0m
2021/11/25 01:39:18 [92mIDE     LS <-- CL: ANSWER textDocument/documentSymbol 3 (3): [0m
2021/11/25 01:39:18     URI: converted 10:19-10:26 to D:\Users\Thiago\Documents\GitHub\Computing_Systems_project\CODE\Serial.Transfer_library_rx\Serial.Transfer_library_rx.ino:8:19-8:26
2021/11/25 01:39:18 IDE --> textDocument/documentSymbol 2 Queued check document symbols
2021/11/25 01:39:18 SYCK--- [93m read-locked[0m
2021/11/25 01:39:18 SYCK--- requesting documentSymbol for file:///C:/Users/Thiag/AppData/Local/Temp/arduino-language-server218210339/sketch/Serial.Transfer_library_rx.ino.cpp
2021/11/25 01:39:18 SYCK--- [93m read-unlocked[0m
2021/11/25 01:39:18 [91mIDE     LS --> CL: REQUEST textDocument/documentSymbol 4: [0m
2021/11/25 01:39:18 [92mIDE     LS <-- CL: ANSWER textDocument/documentSymbol 4 (4): [0m
2021/11/25 01:39:18     URI: converted 19:4-19:10 to D:\Users\Thiago\Documents\GitHub\Computing_Systems_project\CODE\Serial.Transfer_library_rx\Serial.Transfer_library_rx.ino:17:4-17:10
2021/11/25 01:39:18 SYCK--- [93m read-locked[0m
2021/11/25 01:39:18 SYCK---    symbol: Function setup 6:0-11:1
2021/11/25 01:39:18 SYCK---      TRIMMED> void setup()
2021/11/25 01:39:18 SYCK---    symbol: Function loop 13:0-28:1
2021/11/25 01:39:18 SYCK---      TRIMMED> void loop()
2021/11/25 01:39:18 SYCK--- [93m read-unlocked[0m
2021/11/25 01:39:18 SYCK--- (done)
2021/11/25 01:39:18     URI: converted 21:4-21:10 to D:\Users\Thiago\Documents\GitHub\Computing_Systems_project\CODE\Serial.Transfer_library_rx\Serial.Transfer_library_rx.ino:19:4-19:10
2021/11/25 01:39:18     <-- documentSymbol(3 document symbols)
2021/11/25 01:39:18     URI: converted 25:4-25:10 to D:\Users\Thiago\Documents\GitHub\Computing_Systems_project\CODE\Serial.Transfer_library_rx\Serial.Transfer_library_rx.ino:23:4-23:10
2021/11/25 01:39:18     filtering for requested ino file: D:\Users\Thiago\Documents\GitHub\Computing_Systems_project\CODE\Serial.Transfer_library_rx\Serial.Transfer_library_rx.ino
2021/11/25 01:39:18     > convert Variable 4:0-4:25
2021/11/25 01:39:18     URI: converted 26:4-26:10 to D:\Users\Thiago\Documents\GitHub\Computing_Systems_project\CODE\Serial.Transfer_library_rx\Serial.Transfer_library_rx.ino:24:4-24:10
2021/11/25 01:39:18 CLG <-- textDocument/publishDiagnostics notif5 to IDE: publishDiagnostics(file:///d%3A/Users/Thiago/Documents/GitHub/Computing_Systems_project/CODE/Serial.Transfer_library_rx/Serial.Transfer_library_rx.ino):
2021/11/25 01:39:18 CLG <-- textDocument/publishDiagnostics notif5 > 2:0 - 1: unknown_typename
2021/11/25 01:39:18 CLG <-- textDocument/publishDiagnostics notif5 > 6:2 - 1: undeclared_var_use
2021/11/25 01:39:18 CLG <-- textDocument/publishDiagnostics notif5 > 7:2 - 1: undeclared_var_use
2021/11/25 01:39:18 CLG <-- textDocument/publishDiagnostics notif5 > 8:19 - 1: undeclared_var_use
2021/11/25 01:39:18 CLG <-- textDocument/publishDiagnostics notif5 > 17:4 - 1: undeclared_var_use
2021/11/25 01:39:18 CLG <-- textDocument/publishDiagnostics notif5 > 19:4 - 1: undeclared_var_use
2021/11/25 01:39:18 CLG <-- textDocument/publishDiagnostics notif5 > 23:4 - 1: undeclared_var_use
2021/11/25 01:39:18 CLG <-- textDocument/publishDiagnostics notif5 > 24:4 - 1: undeclared_var_use
2021/11/25 01:39:18 [91mIDE <-- LS     CL: NOTIFICATION textDocument/publishDiagnostics: [0m
2021/11/25 01:39:18 CLG <-- textDocument/publishDiagnostics notif5 [93m read-unlocked[0m
2021/11/25 01:39:18     filtering for requested ino file: D:\Users\Thiago\Documents\GitHub\Computing_Systems_project\CODE\Serial.Transfer_library_rx\Serial.Transfer_library_rx.ino
2021/11/25 01:39:18     > convert Function 6:0-11:1
2021/11/25 01:39:18     filtering for requested ino file: D:\Users\Thiago\Documents\GitHub\Computing_Systems_project\CODE\Serial.Transfer_library_rx\Serial.Transfer_library_rx.ino
2021/11/25 01:39:18     > convert Function 13:0-28:1
2021/11/25 01:39:18     filtering for requested ino file: D:\Users\Thiago\Documents\GitHub\Computing_Systems_project\CODE\Serial.Transfer_library_rx\Serial.Transfer_library_rx.ino
2021/11/25 01:39:18 IDE --> textDocument/documentSymbol 2 [93m read-unlocked[0m
2021/11/25 01:39:18 [91mIDE <-- LS     CL: ANSWER UNBOUND (2): [0m
2021/11/25 01:39:18 [92mIDE --> LS     CL: NOTIFICATION $/cancelRequest: [0m
2021/11/25 01:39:18 IDE --> $/cancelRequest notif3 [93m read-locked[0m
2021/11/25 01:39:18 IDE --> $/cancelRequest notif3 sent to Clang
2021/11/25 01:39:18 [91mIDE     LS --> CL: NOTIFICATION $/cancelRequest: [0m
2021/11/25 01:39:18 IDE --> $/cancelRequest notif3 Queued check document symbols
2021/11/25 01:39:18 IDE --> $/cancelRequest notif3 [93m read-unlocked[0m
2021/11/25 01:39:18 SYCK--- [93m read-locked[0m
2021/11/25 01:39:18 [92mIDE --> LS     CL: REQUEST textDocument/documentSymbol 3: [0m
2021/11/25 01:39:18 SYCK--- requesting documentSymbol for file:///C:/Users/Thiag/AppData/Local/Temp/arduino-language-server218210339/sketch/Serial.Transfer_library_rx.ino.cpp
2021/11/25 01:39:18 SYCK--- [93m read-unlocked[0m
2021/11/25 01:39:18 IDE --> textDocument/documentSymbol 3 [93m read-locked[0m
2021/11/25 01:39:18 --> documentSymbol(file:///d%3A/Users/Thiago/Documents/GitHub/Computing_Systems_project/CODE/Serial.Transfer_library_rx/Serial.Transfer_library_rx.ino)
2021/11/25 01:39:18 [91mIDE     LS --> CL: REQUEST textDocument/documentSymbol 5: [0m
2021/11/25 01:39:18 [92mIDE     LS <-- CL: ANSWER textDocument/documentSymbol 5 (5): [0m
2021/11/25 01:39:18 SYCK--- [93m read-locked[0m
2021/11/25 01:39:18 SYCK---    symbol: Function setup 6:0-11:1
2021/11/25 01:39:18 SYCK---      TRIMMED> void setup()
2021/11/25 01:39:18 SYCK---    symbol: Function loop 13:0-28:1
2021/11/25 01:39:18 SYCK---      TRIMMED> void loop()
2021/11/25 01:39:18 SYCK--- [93m read-unlocked[0m
2021/11/25 01:39:18 SYCK--- (done)
2021/11/25 01:39:18     --> documentSymbol(file:///C:/Users/Thiag/AppData/Local/Temp/arduino-language-server218210339/sketch/Serial.Transfer_library_rx.ino.cpp)
2021/11/25 01:39:18 IDE --> textDocument/documentSymbol 3 sent to Clang
2021/11/25 01:39:18 [91mIDE     LS --> CL: REQUEST textDocument/documentSymbol 6: [0m
2021/11/25 01:39:18 [92mIDE     LS <-- CL: ANSWER textDocument/documentSymbol 6 (6): [0m
2021/11/25 01:39:18     <-- documentSymbol(3 document symbols)
2021/11/25 01:39:18     filtering for requested ino file: D:\Users\Thiago\Documents\GitHub\Computing_Systems_project\CODE\Serial.Transfer_library_rx\Serial.Transfer_library_rx.ino
2021/11/25 01:39:18     > convert Variable 4:0-4:25
2021/11/25 01:39:18     filtering for requested ino file: D:\Users\Thiago\Documents\GitHub\Computing_Systems_project\CODE\Serial.Transfer_library_rx\Serial.Transfer_library_rx.ino
2021/11/25 01:39:18     > convert Function 6:0-11:1
2021/11/25 01:39:18     filtering for requested ino file: D:\Users\Thiago\Documents\GitHub\Computing_Systems_project\CODE\Serial.Transfer_library_rx\Serial.Transfer_library_rx.ino
2021/11/25 01:39:18     > convert Function 13:0-28:1
2021/11/25 01:39:18     filtering for requested ino file: D:\Users\Thiago\Documents\GitHub\Computing_Systems_project\CODE\Serial.Transfer_library_rx\Serial.Transfer_library_rx.ino
2021/11/25 01:39:18 IDE --> textDocument/documentSymbol 3 [93m read-unlocked[0m
2021/11/25 01:39:18 [91mIDE <-- LS     CL: ANSWER UNBOUND (3): [0m
2021/11/25 01:39:18 [92mIDE --> LS     CL: ANSWER window/workDoneProgress/create 0 (0): [0m
2021/11/25 01:39:18 [91mIDE <-- LS     CL: NOTIFICATION $/progress: TOKEN=backgroundIndexProgress BEGIN indexing [0m
2021/11/25 01:39:18 [91mIDE <-- LS     CL: NOTIFICATION $/progress: TOKEN=backgroundIndexProgress END [0m
2021/11/25 01:39:18 [92mIDE --> LS     CL: REQUEST textDocument/codeAction 4: [0m
2021/11/25 01:39:18 IDE --> textDocument/codeAction 4 [93m read-locked[0m
2021/11/25 01:39:18 --> codeAction(file:///d%3A/Users/Thiago/Documents/GitHub/Computing_Systems_project/CODE/Serial.Transfer_library_rx/Serial.Transfer_library_rx.ino:0:0)
2021/11/25 01:39:18     --> codeAction(file:///C:/Users/Thiag/AppData/Local/Temp/arduino-language-server218210339/sketch/Serial.Transfer_library_rx.ino.cpp:2:0)
2021/11/25 01:39:18 IDE --> textDocument/codeAction 4 sent to Clang
2021/11/25 01:39:18 [91mIDE     LS --> CL: REQUEST textDocument/codeAction 7: [0m
2021/11/25 01:39:18 [92mIDE     LS <-- CL: ANSWER textDocument/codeAction 7 (7): [0m
2021/11/25 01:39:18     <-- codeAction(0 elements)
2021/11/25 01:39:18 <-- codeAction(0 elements)
2021/11/25 01:39:18 IDE --> textDocument/codeAction 4 [93m read-unlocked[0m
2021/11/25 01:39:18 [91mIDE <-- LS     CL: ANSWER UNBOUND (4): [0m
2021/11/25 01:41:25 [92mIDE --> LS     CL: REQUEST textDocument/hover 5: [0m
2021/11/25 01:41:25 IDE --> textDocument/hover 5 [93m read-locked[0m
2021/11/25 01:41:25 --> hover(file:///d%3A/Users/Thiago/Documents/GitHub/Computing_Systems_project/CODE/Serial.Transfer_library_rx/Serial.Transfer_library_rx.ino:25:0)
2021/11/25 01:41:25     --> hover(file:///C:/Users/Thiag/AppData/Local/Temp/arduino-language-server218210339/sketch/Serial.Transfer_library_rx.ino.cpp:27:0)
2021/11/25 01:41:25 IDE --> textDocument/hover 5 sent to Clang
2021/11/25 01:41:25 [91mIDE     LS --> CL: REQUEST textDocument/hover 8: [0m
2021/11/25 01:41:25 [92mIDE     LS <-- CL: ANSWER textDocument/hover 8 (8): [0m
2021/11/25 01:41:25 IDE --> textDocument/hover 5 [93m read-unlocked[0m
2021/11/25 01:41:25 [91mIDE <-- LS     CL: ANSWER UNBOUND (5): [0m
2021/11/25 01:42:23 [92mIDE --> LS     CL: REQUEST textDocument/hover 6: [0m
2021/11/25 01:42:23 IDE --> textDocument/hover 6 [93m read-locked[0m
2021/11/25 01:42:23 --> hover(file:///d%3A/Users/Thiago/Documents/GitHub/Computing_Systems_project/CODE/Serial.Transfer_library_rx/Serial.Transfer_library_rx.ino:13:19)
2021/11/25 01:42:23     --> hover(file:///C:/Users/Thiag/AppData/Local/Temp/arduino-language-server218210339/sketch/Serial.Transfer_library_rx.ino.cpp:15:19)
2021/11/25 01:42:23 IDE --> textDocument/hover 6 sent to Clang
2021/11/25 01:42:23 [91mIDE     LS --> CL: REQUEST textDocument/hover 9: [0m
2021/11/25 01:42:23 [92mIDE     LS <-- CL: ANSWER textDocument/hover 9 (9): [0m
2021/11/25 01:42:23 IDE --> textDocument/hover 6 [93m read-unlocked[0m
2021/11/25 01:42:23 [91mIDE <-- LS     CL: ANSWER UNBOUND (6): [0m
2021/11/25 01:42:23 [92mIDE --> LS     CL: REQUEST textDocument/hover 7: [0m
2021/11/25 01:42:23 IDE --> textDocument/hover 7 [93m read-locked[0m
2021/11/25 01:42:23 --> hover(file:///d%3A/Users/Thiago/Documents/GitHub/Computing_Systems_project/CODE/Serial.Transfer_library_rx/Serial.Transfer_library_rx.ino:13:17)
2021/11/25 01:42:23     --> hover(file:///C:/Users/Thiag/AppData/Local/Temp/arduino-language-server218210339/sketch/Serial.Transfer_library_rx.ino.cpp:15:17)
2021/11/25 01:42:23 IDE --> textDocument/hover 7 sent to Clang
2021/11/25 01:42:23 [91mIDE     LS --> CL: REQUEST textDocument/hover 10: [0m
2021/11/25 01:42:23 [92mIDE     LS <-- CL: ANSWER textDocument/hover 10 (10): [0m
2021/11/25 01:42:23 IDE --> textDocument/hover 7 [93m read-unlocked[0m
2021/11/25 01:42:23 [91mIDE <-- LS     CL: ANSWER UNBOUND (7): [0m
2021/11/25 01:43:35 [92mIDE --> LS     CL: REQUEST textDocument/hover 8: [0m
2021/11/25 01:43:35 IDE --> textDocument/hover 8 [93m read-locked[0m
2021/11/25 01:43:35 --> hover(file:///d%3A/Users/Thiago/Documents/GitHub/Computing_Systems_project/CODE/Serial.Transfer_library_rx/Serial.Transfer_library_rx.ino:18:22)
2021/11/25 01:43:35     --> hover(file:///C:/Users/Thiag/AppData/Local/Temp/arduino-language-server218210339/sketch/Serial.Transfer_library_rx.ino.cpp:20:22)
2021/11/25 01:43:35 IDE --> textDocument/hover 8 sent to Clang
2021/11/25 01:43:35 [91mIDE     LS --> CL: REQUEST textDocument/hover 11: [0m
2021/11/25 01:43:35 [92mIDE     LS <-- CL: ANSWER textDocument/hover 11 (11): [0m
2021/11/25 01:43:35 IDE --> textDocument/hover 8 [93m read-unlocked[0m
2021/11/25 01:43:35 [91mIDE <-- LS     CL: ANSWER UNBOUND (8): [0m
2021/11/25 01:43:37 [92mIDE --> LS     CL: REQUEST textDocument/hover 9: [0m
2021/11/25 01:43:37 IDE --> textDocument/hover 9 [93m read-locked[0m
2021/11/25 01:43:37 --> hover(file:///d%3A/Users/Thiago/Documents/GitHub/Computing_Systems_project/CODE/Serial.Transfer_library_rx/Serial.Transfer_library_rx.ino:18:22)
2021/11/25 01:43:37     --> hover(file:///C:/Users/Thiag/AppData/Local/Temp/arduino-language-server218210339/sketch/Serial.Transfer_library_rx.ino.cpp:20:22)
2021/11/25 01:43:37 IDE --> textDocument/hover 9 sent to Clang
2021/11/25 01:43:37 [91mIDE     LS --> CL: REQUEST textDocument/hover 12: [0m
2021/11/25 01:43:37 [92mIDE     LS <-- CL: ANSWER textDocument/hover 12 (12): [0m
2021/11/25 01:43:37 IDE --> textDocument/hover 9 [93m read-unlocked[0m
2021/11/25 01:43:37 [91mIDE <-- LS     CL: ANSWER UNBOUND (9): [0m
2021/11/25 01:43:37 [92mIDE --> LS     CL: REQUEST textDocument/hover 10: [0m
2021/11/25 01:43:37 IDE --> textDocument/hover 10 [93m read-locked[0m
2021/11/25 01:43:37 --> hover(file:///d%3A/Users/Thiago/Documents/GitHub/Computing_Systems_project/CODE/Serial.Transfer_library_rx/Serial.Transfer_library_rx.ino:18:22)
2021/11/25 01:43:37     --> hover(file:///C:/Users/Thiag/AppData/Local/Temp/arduino-language-server218210339/sketch/Serial.Transfer_library_rx.ino.cpp:20:22)
2021/11/25 01:43:37 IDE --> textDocument/hover 10 sent to Clang
2021/11/25 01:43:37 [91mIDE     LS --> CL: REQUEST textDocument/hover 13: [0m
2021/11/25 01:43:37 [92mIDE     LS <-- CL: ANSWER textDocument/hover 13 (13): [0m
2021/11/25 01:43:37 IDE --> textDocument/hover 10 [93m read-unlocked[0m
2021/11/25 01:43:37 [91mIDE <-- LS     CL: ANSWER UNBOUND (10): [0m
2021/11/25 01:43:38 [92mIDE --> LS     CL: REQUEST textDocument/hover 11: [0m
2021/11/25 01:43:38 IDE --> textDocument/hover 11 [93m read-locked[0m
2021/11/25 01:43:38 --> hover(file:///d%3A/Users/Thiago/Documents/GitHub/Computing_Systems_project/CODE/Serial.Transfer_library_rx/Serial.Transfer_library_rx.ino:19:22)
2021/11/25 01:43:38     --> hover(file:///C:/Users/Thiag/AppData/Local/Temp/arduino-language-server218210339/sketch/Serial.Transfer_library_rx.ino.cpp:21:22)
2021/11/25 01:43:38 IDE --> textDocument/hover 11 sent to Clang
2021/11/25 01:43:38 [91mIDE     LS --> CL: REQUEST textDocument/hover 14: [0m
2021/11/25 01:43:38 [92mIDE     LS <-- CL: ANSWER textDocument/hover 14 (14): [0m
2021/11/25 01:43:38 IDE --> textDocument/hover 11 [93m read-unlocked[0m
2021/11/25 01:43:38 [91mIDE <-- LS     CL: ANSWER UNBOUND (11): [0m
2021/11/25 01:43:38 [92mIDE --> LS     CL: REQUEST textDocument/hover 12: [0m
2021/11/25 01:43:38 IDE --> textDocument/hover 12 [93m read-locked[0m
2021/11/25 01:43:38 --> hover(file:///d%3A/Users/Thiago/Documents/GitHub/Computing_Systems_project/CODE/Serial.Transfer_library_rx/Serial.Transfer_library_rx.ino:19:21)
2021/11/25 01:43:38     --> hover(file:///C:/Users/Thiag/AppData/Local/Temp/arduino-language-server218210339/sketch/Serial.Transfer_library_rx.ino.cpp:21:21)
2021/11/25 01:43:38 IDE --> textDocument/hover 12 sent to Clang
2021/11/25 01:43:38 [91mIDE     LS --> CL: REQUEST textDocument/hover 15: [0m
2021/11/25 01:43:38 [92mIDE     LS <-- CL: ANSWER textDocument/hover 15 (15): [0m
2021/11/25 01:43:38 IDE --> textDocument/hover 12 [93m read-unlocked[0m
2021/11/25 01:43:38 [91mIDE <-- LS     CL: ANSWER UNBOUND (12): [0m
2021/11/25 01:43:38 [92mIDE --> LS     CL: REQUEST textDocument/hover 13: [0m
2021/11/25 01:43:38 IDE --> textDocument/hover 13 [93m read-locked[0m
2021/11/25 01:43:38 --> hover(file:///d%3A/Users/Thiago/Documents/GitHub/Computing_Systems_project/CODE/Serial.Transfer_library_rx/Serial.Transfer_library_rx.ino:19:21)
2021/11/25 01:43:38     --> hover(file:///C:/Users/Thiag/AppData/Local/Temp/arduino-language-server218210339/sketch/Serial.Transfer_library_rx.ino.cpp:21:21)
2021/11/25 01:43:38 IDE --> textDocument/hover 13 sent to Clang
2021/11/25 01:43:38 [91mIDE     LS --> CL: REQUEST textDocument/hover 16: [0m
2021/11/25 01:43:38 [92mIDE     LS <-- CL: ANSWER textDocument/hover 16 (16): [0m
2021/11/25 01:43:38 IDE --> textDocument/hover 13 [93m read-unlocked[0m
2021/11/25 01:43:38 [91mIDE <-- LS     CL: ANSWER UNBOUND (13): [0m
2021/11/25 01:43:39 [92mIDE --> LS     CL: REQUEST textDocument/hover 14: [0m
2021/11/25 01:43:39 IDE --> textDocument/hover 14 [93m read-locked[0m
2021/11/25 01:43:39 --> hover(file:///d%3A/Users/Thiago/Documents/GitHub/Computing_Systems_project/CODE/Serial.Transfer_library_rx/Serial.Transfer_library_rx.ino:19:21)
2021/11/25 01:43:39     --> hover(file:///C:/Users/Thiag/AppData/Local/Temp/arduino-language-server218210339/sketch/Serial.Transfer_library_rx.ino.cpp:21:21)
2021/11/25 01:43:39 IDE --> textDocument/hover 14 sent to Clang
2021/11/25 01:43:39 [91mIDE     LS --> CL: REQUEST textDocument/hover 17: [0m
2021/11/25 01:43:39 [92mIDE     LS <-- CL: ANSWER textDocument/hover 17 (17): [0m
2021/11/25 01:43:39 IDE --> textDocument/hover 14 [93m read-unlocked[0m
2021/11/25 01:43:39 [91mIDE <-- LS     CL: ANSWER UNBOUND (14): [0m
2021/11/25 01:43:43 [92mIDE --> LS     CL: REQUEST textDocument/hover 15: [0m
2021/11/25 01:43:43 IDE --> textDocument/hover 15 [93m read-locked[0m
2021/11/25 01:43:43 --> hover(file:///d%3A/Users/Thiago/Documents/GitHub/Computing_Systems_project/CODE/Serial.Transfer_library_rx/Serial.Transfer_library_rx.ino:19:20)
2021/11/25 01:43:43     --> hover(file:///C:/Users/Thiag/AppData/Local/Temp/arduino-language-server218210339/sketch/Serial.Transfer_library_rx.ino.cpp:21:20)
2021/11/25 01:43:43 IDE --> textDocument/hover 15 sent to Clang
2021/11/25 01:43:43 [91mIDE     LS --> CL: REQUEST textDocument/hover 18: [0m
2021/11/25 01:43:43 [92mIDE     LS <-- CL: ANSWER textDocument/hover 18 (18): [0m
2021/11/25 01:43:43 IDE --> textDocument/hover 15 [93m read-unlocked[0m
2021/11/25 01:43:43 [91mIDE <-- LS     CL: ANSWER UNBOUND (15): [0m
2021/11/25 01:43:45 [92mIDE --> LS     CL: REQUEST textDocument/hover 16: [0m
2021/11/25 01:43:45 IDE --> textDocument/hover 16 [93m read-locked[0m
2021/11/25 01:43:45 --> hover(file:///d%3A/Users/Thiago/Documents/GitHub/Computing_Systems_project/CODE/Serial.Transfer_library_rx/Serial.Transfer_library_rx.ino:19:26)
2021/11/25 01:43:45     --> hover(file:///C:/Users/Thiag/AppData/Local/Temp/arduino-language-server218210339/sketch/Serial.Transfer_library_rx.ino.cpp:21:26)
2021/11/25 01:43:45 IDE --> textDocument/hover 16 sent to Clang
2021/11/25 01:43:45 [91mIDE     LS --> CL: REQUEST textDocument/hover 19: [0m
2021/11/25 01:43:45 [92mIDE     LS <-- CL: ANSWER textDocument/hover 19 (19): [0m
2021/11/25 01:43:45 IDE --> textDocument/hover 16 [93m read-unlocked[0m
2021/11/25 01:43:45 [91mIDE <-- LS     CL: ANSWER UNBOUND (16): [0m
2021/11/25 01:43:46 [92mIDE --> LS     CL: REQUEST textDocument/hover 17: [0m
2021/11/25 01:43:46 IDE --> textDocument/hover 17 [93m read-locked[0m
2021/11/25 01:43:46 --> hover(file:///d%3A/Users/Thiago/Documents/GitHub/Computing_Systems_project/CODE/Serial.Transfer_library_rx/Serial.Transfer_library_rx.ino:19:26)
2021/11/25 01:43:46     --> hover(file:///C:/Users/Thiag/AppData/Local/Temp/arduino-language-server218210339/sketch/Serial.Transfer_library_rx.ino.cpp:21:26)
2021/11/25 01:43:46 IDE --> textDocument/hover 17 sent to Clang
2021/11/25 01:43:46 [91mIDE     LS --> CL: REQUEST textDocument/hover 20: [0m
2021/11/25 01:43:46 [92mIDE     LS <-- CL: ANSWER textDocument/hover 20 (20): [0m
2021/11/25 01:43:46 IDE --> textDocument/hover 17 [93m read-unlocked[0m
2021/11/25 01:43:46 [91mIDE <-- LS     CL: ANSWER UNBOUND (17): [0m
2021/11/25 01:49:57 [92mIDE --> LS     CL: REQUEST shutdown 18: [0m
2021/11/25 01:49:57 IDE --> shutdown 18 [93m read-locked[0m
2021/11/25 01:49:57 IDE --> shutdown 18 sent to Clang
2021/11/25 01:49:57 [91mIDE     LS --> CL: REQUEST shutdown 21: [0m
2021/11/25 01:49:57 [92mIDE     LS <-- CL: ANSWER shutdown 21 (21): [0m
2021/11/25 01:49:57 IDE --> shutdown 18 [93m read-unlocked[0m
2021/11/25 01:49:57 [91mIDE <-- LS     CL: ANSWER UNBOUND (18): [0m
2021/11/25 01:49:57 [92mIDE --> LS     CL: NOTIFICATION exit: [0m
2021/11/25 01:49:57 IDE --> exit notif4 [93m read-locked[0m
2021/11/25 01:49:57 IDE --> exit notif4 sent to Clang
2021/11/25 01:49:57 [91mIDE     LS --> CL: NOTIFICATION exit: [0m
2021/11/25 01:49:57 IDE --> exit notif4 [93m read-unlocked[0m
2021/11/25 01:49:57 Lost connection with clangd!
2021/11/25 01:49:57 removing buildpath
