






Started logging.
I[01:39:17.988] clangd version 12.0.0 (https://github.com/llvm/llvm-project e841bd5f335864b8c4d81cbf4df08460ef39f2ae)
I[01:39:17.990] PID: 27424
I[01:39:17.990] Working directory: d:\Users\Thiago\Documents\GitHub\Computing_Systems_project\CODE\Serial.Transfer_library_rx
I[01:39:17.990] argv[0]: c:\Program Files\Arduino IDE\resources\app\node_modules\arduino-ide-extension\build\bin\clangd.exe
I[01:39:17.990] argv[1]: -log=verbose
I[01:39:17.990] argv[2]: --compile-commands-dir=C:\Users\Thiag\AppData\Local\Temp\arduino-language-server218210339
I[01:39:17.990] argv[3]: -query-driver=c:\Users\Thiag\AppData\Local\Arduino15\packages\**
V[01:39:18.001] User config file is C:\Users\Thiag\AppData\Local\clangd\config.yaml
I[01:39:18.001] Starting LSP over stdin/stdout
V[01:39:18.002] <<< {"id":0,"jsonrpc":"2.0","method":"initialize","params":{"capabilities":{"textDocument":{"codeAction":{"codeActionLiteralSupport":{"codeActionKind":{"valueSet":["","quickfix","refactor","refactor.extract","refactor.inline","refactor.rewrite","source","source.organizeImports"]}},"dynamicRegistration":true,"isPreferredSupport":true},"colorProvider":{"dynamicRegistration":true},"completion":{"completionItem":{"documentationFormat":["markdown","plaintext"],"snippetSupport":true},"completionItemKind":{"valueSet":[1,2,3,4,5,6,7,8,9,10,11,12,13,14,15,16,17,18,19,20,21,22,23,24,25]},"contextSupport":true},"declaration":{"linkSupport":true},"definition":{"linkSupport":true},"documentLink":{"dynamicRegistration":true,"tooltipSupport":true},"documentSymbol":{"hierarchicalDocumentSymbolSupport":true,"symbolKind":{"valueSet":[1,2,3,4,5,6,7,8,9,10,11,12,13,14,15,16,17,18,19,20,21,22,23,24,25,26]}},"foldingRange":{"dynamicRegistration":true,"lineFoldingOnly":true,"rangeLimit":5000},"formatting":{"dynamicRegistration":true},"hover":{"contentFormat":["markdown","plaintext"]},"implementation":{"dynamicRegistration":true,"linkSupport":true},"rangeFormatting":{"dynamicRegistration":true},"rename":{"dynamicRegistration":true,"prepareSupport":true},"signatureHelp":{"signatureInformation":{"parameterInformation":{"labelOffsetSupport":true}}},"synchronization":{"didSave":true,"willSave":true,"willSaveWaitUntil":true},"typeDefinition":{"linkSupport":true}},"window":{"workDoneProgress":true},"workspace":{"applyEdit":true,"configuration":true,"didChangeWatchedFiles":{"dynamicRegistration":true},"executeCommand":{"dynamicRegistration":true},"symbol":{"symbolKind":{"valueSet":[1,2,3,4,5,6,7,8,9,10,11,12,13,14,15,16,17,18,19,20,21,22,23,24,25,26]}},"workspaceEdit":{"documentChanges":true,"resourceOperations":["create","rename","delete"]},"workspaceFolders":true}},"clientInfo":{"name":"vscode","version":"1.53.2"},"initializationOptions":{},"processId":18552,"rootPath":"C:\\Users\\Thiag\\AppData\\Local\\Temp\\arduino-language-server218210339\\sketch","rootUri":"file:///C:/Users/Thiag/AppData/Local/Temp/arduino-language-server218210339/sketch","trace":"off"}}

I[01:39:18.002] <-- initialize(0)
I[01:39:18.096] --> reply:initialize(0) 94 ms
V[01:39:18.097] >>> {"id":0,"jsonrpc":"2.0","result":{"capabilities":{"astProvider":true,"callHierarchyProvider":true,"codeActionProvider":{"codeActionKinds":["quickfix","refactor","info"]},"compilationDatabase":{"automaticReload":true},"completionProvider":{"allCommitCharacters":[" ","\t","(",")","[","]","{","}","<",">",":",";",",","+","-","/","*","%","^","&","#","?",".","=","\"","'","|"],"resolveProvider":false,"triggerCharacters":[".","<",">",":","\"","/"]},"declarationProvider":true,"definitionProvider":true,"documentFormattingProvider":true,"documentHighlightProvider":true,"documentLinkProvider":{"resolveProvider":false},"documentOnTypeFormattingProvider":{"firstTriggerCharacter":"\n","moreTriggerCharacter":[]},"documentRangeFormattingProvider":true,"documentSymbolProvider":true,"executeCommandProvider":{"commands":["clangd.applyFix","clangd.applyTweak"]},"hoverProvider":true,"implementationProvider":true,"memoryUsageProvider":true,"referencesProvider":true,"renameProvider":{"prepareProvider":true},"selectionRangeProvider":true,"semanticTokensProvider":{"full":{"delta":true},"legend":{"tokenModifiers":[],"tokenTypes":["variable","variable","parameter","function","method","function","property","variable","class","enum","enumMember","type","dependent","dependent","namespace","typeParameter","concept","type","macro","comment"]},"range":false},"signatureHelpProvider":{"triggerCharacters":["(",","]},"textDocumentSync":{"change":2,"openClose":true,"save":true},"typeHierarchyProvider":true,"workspaceSymbolProvider":true},"serverInfo":{"name":"clangd","version":"clangd version 12.0.0 (https://github.com/llvm/llvm-project e841bd5f335864b8c4d81cbf4df08460ef39f2ae)"}}}

V[01:39:18.097] <<< {"jsonrpc":"2.0","method":"initialized","params":{}}

I[01:39:18.097] <-- initialized
V[01:39:18.103] <<< {"jsonrpc":"2.0","method":"textDocument/didOpen","params":{"textDocument":{"languageId":"cpp","text":"#include <Arduino.h>\n#line 1 \"D:\\\\Users\\\\Thiago\\\\Documents\\\\GitHub\\\\Computing_Systems_project\\\\CODE\\\\Serial.Transfer_library_rx\\\\Serial.Transfer_library_rx.ino\"\n#include \"SerialTransfer.h\"\r\n\r\nSerialTransfer myTransfer;\r\n\r\nvoid setup()\r\n{\r\n  Serial.begin(115200);\r\n  Serial1.begin(115200);\r\n  myTransfer.begin(Serial1);\r\n}\r\n\r\nvoid loop()\r\n{\r\n  if(myTransfer.available())\r\n  {\r\n    float myFloat;\r\n    \r\n    Serial.print(\"New Data: \");\r\n    myTransfer.rxObj(myFloat, sizeof(myFloat));\r\n    Serial.println(myFloat);\r\n  }\r\n  else if(myTransfer.status < 0)\r\n  {\r\n    Serial.print(\"ERROR: \");\r\n    Serial.println(myTransfer.status);\r\n  }\r\n}\r\n\n","uri":"file:///C:/Users/Thiag/AppData/Local/Temp/arduino-language-server218210339/sketch/Serial.Transfer_library_rx.ino.cpp","version":1}}}

I[01:39:18.103] <-- textDocument/didOpen
V[01:39:18.103] <<< {"id":1,"jsonrpc":"2.0","method":"textDocument/documentSymbol","params":{"textDocument":{"uri":"file:///C:/Users/Thiag/AppData/Local/Temp/arduino-language-server218210339/sketch/Serial.Transfer_library_rx.ino.cpp"}}}

I[01:39:18.103] <-- textDocument/documentSymbol(1)
I[01:39:18.110] Loaded compilation database from C:\Users\Thiag\AppData\Local\Temp\arduino-language-server218210339\compile_commands.json
I[01:39:18.110] ASTWorker building file C:\Users\Thiag\AppData\Local\Temp\arduino-language-server218210339\sketch\Serial.Transfer_library_rx.ino.cpp version 1 with command clangd fallback
[C:\Users\Thiag\AppData\Local\Temp\arduino-language-server218210339\sketch]
c:\Program Files\Arduino IDE\resources\app\node_modules\arduino-ide-extension\build\bin\clang C:\Users\Thiag\AppData\Local\Temp\arduino-language-server218210339\sketch\Serial.Transfer_library_rx.ino.cpp -fsyntax-only -resource-dir=c:\Program Files\Arduino IDE\resources\app\node_modules\arduino-ide-extension\build\lib\clang\12.0.0
V[01:39:18.110] Broadcasting compilation database from C:\Users\Thiag\AppData\Local\Temp\arduino-language-server218210339
I[01:39:18.110] --> window/workDoneProgress/create(0)
V[01:39:18.110] >>> {"id":0,"jsonrpc":"2.0","method":"window/workDoneProgress/create","params":{"token":"backgroundIndexProgress"}}

I[01:39:18.110] Enqueueing 0 commands for indexing
V[01:39:18.110] <<< {"id":0,"jsonrpc":"2.0","result":null}

I[01:39:18.110] <-- reply(0)
I[01:39:18.110] --> $/progress
V[01:39:18.110] >>> {"jsonrpc":"2.0","method":"$/progress","params":{"token":"backgroundIndexProgress","value":{"kind":"begin","percentage":0,"title":"indexing"}}}

I[01:39:18.110] --> $/progress
V[01:39:18.110] >>> {"jsonrpc":"2.0","method":"$/progress","params":{"token":"backgroundIndexProgress","value":{"kind":"report","message":"0/1","percentage":0}}}

I[01:39:18.111] --> $/progress
V[01:39:18.111] >>> {"jsonrpc":"2.0","method":"$/progress","params":{"token":"backgroundIndexProgress","value":{"kind":"report","message":"0/1","percentage":0}}}

I[01:39:18.111] --> $/progress
V[01:39:18.111] >>> {"jsonrpc":"2.0","method":"$/progress","params":{"token":"backgroundIndexProgress","value":{"kind":"end"}}}

V[01:39:18.113] <<< {"id":2,"jsonrpc":"2.0","method":"textDocument/codeAction","params":{"context":{"diagnostics":[]},"range":{"end":{"character":0,"line":2},"start":{"character":0,"line":2}},"textDocument":{"uri":"file:///C:/Users/Thiag/AppData/Local/Temp/arduino-language-server218210339/sketch/Serial.Transfer_library_rx.ino.cpp"}}}

I[01:39:18.113] <-- textDocument/codeAction(2)
V[01:39:18.164] Driver produced command: cc1 -cc1 -triple x86_64-pc-windows-msvc19.16.27045 -fsyntax-only -disable-free -disable-llvm-verifier -discard-value-names -main-file-name Serial.Transfer_library_rx.ino.cpp -mrelocation-model pic -pic-level 2 -mframe-pointer=none -fmath-errno -fno-rounding-math -mconstructor-aliases -munwind-tables -target-cpu x86-64 -tune-cpu generic -resource-dir c:\Program Files\Arduino IDE\resources\app\node_modules\arduino-ide-extension\build\lib\clang\12.0.0 -internal-isystem c:\Program Files\Arduino IDE\resources\app\node_modules\arduino-ide-extension\build\lib\clang\12.0.0\include -internal-isystem C:\Program Files (x86)\Microsoft Visual Studio\2017\BuildTools\VC\Tools\MSVC\14.16.27023\include -internal-isystem C:\Program Files (x86)\Microsoft Visual Studio\2017\BuildTools\VC\Tools\MSVC\14.16.27023\atlmfc\include -internal-isystem C:\Program Files (x86)\Windows Kits\10\Include\10.0.17763.0\ucrt -internal-isystem C:\Program Files (x86)\Windows Kits\10\include\10.0.17763.0\shared -internal-isystem C:\Program Files (x86)\Windows Kits\10\include\10.0.17763.0\um -internal-isystem C:\Program Files (x86)\Windows Kits\10\include\10.0.17763.0\winrt -fdeprecated-macro -fdebug-compilation-dir C:\Users\Thiag\AppData\Local\Temp\arduino-language-server218210339\sketch -ferror-limit 19 -fno-use-cxa-atexit -fms-extensions -fms-compatibility -fms-compatibility-version=19.16.27045 -std=c++14 -fdelayed-template-parsing -fcxx-exceptions -fexceptions -faddrsig -x c++ C:\Users\Thiag\AppData\Local\Temp\arduino-language-server218210339\sketch\Serial.Transfer_library_rx.ino.cpp
V[01:39:18.164] Building first preamble for C:\Users\Thiag\AppData\Local\Temp\arduino-language-server218210339\sketch\Serial.Transfer_library_rx.ino.cpp version 1
V[01:39:18.180] indexed preamble AST for C:\Users\Thiag\AppData\Local\Temp\arduino-language-server218210339\sketch\Serial.Transfer_library_rx.ino.cpp version 1:
  symbol slab: 0 symbols, 128 bytes
  ref slab: 0 symbols, 0 refs, 136 bytes
  relations slab: 0 relations, 24 bytes
V[01:39:18.190] Built preamble of size 222416 for file C:\Users\Thiag\AppData\Local\Temp\arduino-language-server218210339\sketch\Serial.Transfer_library_rx.ino.cpp version 1
V[01:39:18.219] Trying to fix unresolved name "SerialTransfer" in scopes: []
V[01:39:18.220] Trying to fix unresolved name "Serial" in scopes: []
V[01:39:18.220] Trying to fix unresolved name "Serial1" in scopes: []
V[01:39:18.221] Trying to fix unresolved name "Serial1" in scopes: []
V[01:39:18.221] Trying to fix unresolved name "Serial" in scopes: []
V[01:39:18.222] Trying to fix unresolved name "Serial" in scopes: []
V[01:39:18.222] Trying to fix unresolved name "Serial" in scopes: []
V[01:39:18.222] Trying to fix unresolved name "Serial" in scopes: []
V[01:39:18.224] indexed file AST for C:\Users\Thiag\AppData\Local\Temp\arduino-language-server218210339\sketch\Serial.Transfer_library_rx.ino.cpp version 1:
  symbol slab: 3 symbols, 4920 bytes
  ref slab: 3 symbols, 3 refs, 4304 bytes
  relations slab: 0 relations, 24 bytes
V[01:39:18.224] Build dynamic index for main-file symbols with estimated memory usage of 12576 bytes
I[01:39:18.225] --> textDocument/publishDiagnostics
V[01:39:18.225] >>> {"jsonrpc":"2.0","method":"textDocument/publishDiagnostics","params":{"diagnostics":[{"code":"pp_file_not_found","message":"'Arduino.h' file not found","range":{"end":{"character":20,"line":0},"start":{"character":9,"line":0}},"severity":1,"source":"clang"},{"code":"unknown_typename","message":"Unknown type name 'SerialTransfer'","range":{"end":{"character":14,"line":4},"start":{"character":0,"line":4}},"severity":1,"source":"clang"},{"code":"undeclared_var_use","message":"Use of undeclared identifier 'Serial'","range":{"end":{"character":8,"line":8},"start":{"character":2,"line":8}},"severity":1,"source":"clang"},{"code":"undeclared_var_use","message":"Use of undeclared identifier 'Serial1'","range":{"end":{"character":9,"line":9},"start":{"character":2,"line":9}},"severity":1,"source":"clang"},{"code":"undeclared_var_use","message":"Use of undeclared identifier 'Serial1'","range":{"end":{"character":26,"line":10},"start":{"character":19,"line":10}},"severity":1,"source":"clang"},{"code":"undeclared_var_use","message":"Use of undeclared identifier 'Serial'","range":{"end":{"character":10,"line":19},"start":{"character":4,"line":19}},"severity":1,"source":"clang"},{"code":"undeclared_var_use","message":"Use of undeclared identifier 'Serial'","range":{"end":{"character":10,"line":21},"start":{"character":4,"line":21}},"severity":1,"source":"clang"},{"code":"undeclared_var_use","message":"Use of undeclared identifier 'Serial'","range":{"end":{"character":10,"line":25},"start":{"character":4,"line":25}},"severity":1,"source":"clang"},{"code":"undeclared_var_use","message":"Use of undeclared identifier 'Serial'","range":{"end":{"character":10,"line":26},"start":{"character":4,"line":26}},"severity":1,"source":"clang"}],"uri":"file:///C:/Users/Thiag/AppData/Local/Temp/arduino-language-server218210339/sketch/Serial.Transfer_library_rx.ino.cpp","version":1}}

V[01:39:18.225] ASTWorker running DocumentSymbols on version 1 of C:\Users\Thiag\AppData\Local\Temp\arduino-language-server218210339\sketch\Serial.Transfer_library_rx.ino.cpp
I[01:39:18.225] --> reply:textDocument/documentSymbol(1) 121 ms
V[01:39:18.225] >>> {"id":1,"jsonrpc":"2.0","result":[{"kind":13,"name":"myTransfer","range":{"end":{"character":25,"line":4},"start":{"character":0,"line":4}},"selectionRange":{"end":{"character":25,"line":4},"start":{"character":15,"line":4}}},{"kind":12,"name":"setup","range":{"end":{"character":1,"line":11},"start":{"character":0,"line":6}},"selectionRange":{"end":{"character":10,"line":6},"start":{"character":5,"line":6}}},{"kind":12,"name":"loop","range":{"end":{"character":1,"line":28},"start":{"character":0,"line":13}},"selectionRange":{"end":{"character":9,"line":13},"start":{"character":5,"line":13}}}]}

V[01:39:18.225] ASTWorker running EnumerateTweaks on version 1 of C:\Users\Thiag\AppData\Local\Temp\arduino-language-server218210339\sketch\Serial.Transfer_library_rx.ino.cpp
I[01:39:18.225] --> reply:textDocument/codeAction(2) 112 ms
V[01:39:18.225] >>> {"id":2,"jsonrpc":"2.0","result":[]}

V[01:39:18.230] <<< {"id":3,"jsonrpc":"2.0","method":"textDocument/documentSymbol","params":{"textDocument":{"uri":"file:///C:/Users/Thiag/AppData/Local/Temp/arduino-language-server218210339/sketch/Serial.Transfer_library_rx.ino.cpp"}}}

I[01:39:18.230] <-- textDocument/documentSymbol(3)
V[01:39:18.231] ASTWorker running DocumentSymbols on version 1 of C:\Users\Thiag\AppData\Local\Temp\arduino-language-server218210339\sketch\Serial.Transfer_library_rx.ino.cpp
I[01:39:18.231] --> reply:textDocument/documentSymbol(3) 0 ms
V[01:39:18.231] >>> {"id":3,"jsonrpc":"2.0","result":[{"kind":13,"name":"myTransfer","range":{"end":{"character":25,"line":4},"start":{"character":0,"line":4}},"selectionRange":{"end":{"character":25,"line":4},"start":{"character":15,"line":4}}},{"kind":12,"name":"setup","range":{"end":{"character":1,"line":11},"start":{"character":0,"line":6}},"selectionRange":{"end":{"character":10,"line":6},"start":{"character":5,"line":6}}},{"kind":12,"name":"loop","range":{"end":{"character":1,"line":28},"start":{"character":0,"line":13}},"selectionRange":{"end":{"character":9,"line":13},"start":{"character":5,"line":13}}}]}

V[01:39:18.232] <<< {"id":4,"jsonrpc":"2.0","method":"textDocument/documentSymbol","params":{"textDocument":{"uri":"file:///C:/Users/Thiag/AppData/Local/Temp/arduino-language-server218210339/sketch/Serial.Transfer_library_rx.ino.cpp"}}}

I[01:39:18.232] <-- textDocument/documentSymbol(4)
V[01:39:18.232] ASTWorker running DocumentSymbols on version 1 of C:\Users\Thiag\AppData\Local\Temp\arduino-language-server218210339\sketch\Serial.Transfer_library_rx.ino.cpp
I[01:39:18.232] --> reply:textDocument/documentSymbol(4) 0 ms
V[01:39:18.232] >>> {"id":4,"jsonrpc":"2.0","result":[{"kind":13,"name":"myTransfer","range":{"end":{"character":25,"line":4},"start":{"character":0,"line":4}},"selectionRange":{"end":{"character":25,"line":4},"start":{"character":15,"line":4}}},{"kind":12,"name":"setup","range":{"end":{"character":1,"line":11},"start":{"character":0,"line":6}},"selectionRange":{"end":{"character":10,"line":6},"start":{"character":5,"line":6}}},{"kind":12,"name":"loop","range":{"end":{"character":1,"line":28},"start":{"character":0,"line":13}},"selectionRange":{"end":{"character":9,"line":13},"start":{"character":5,"line":13}}}]}

V[01:39:18.246] <<< {"jsonrpc":"2.0","method":"$/cancelRequest","params":{"id":2}}

I[01:39:18.246] <-- $/cancelRequest
V[01:39:18.246] <<< {"id":5,"jsonrpc":"2.0","method":"textDocument/documentSymbol","params":{"textDocument":{"uri":"file:///C:/Users/Thiag/AppData/Local/Temp/arduino-language-server218210339/sketch/Serial.Transfer_library_rx.ino.cpp"}}}

I[01:39:18.246] <-- textDocument/documentSymbol(5)
V[01:39:18.246] ASTWorker running DocumentSymbols on version 1 of C:\Users\Thiag\AppData\Local\Temp\arduino-language-server218210339\sketch\Serial.Transfer_library_rx.ino.cpp
I[01:39:18.246] --> reply:textDocument/documentSymbol(5) 0 ms
V[01:39:18.246] >>> {"id":5,"jsonrpc":"2.0","result":[{"kind":13,"name":"myTransfer","range":{"end":{"character":25,"line":4},"start":{"character":0,"line":4}},"selectionRange":{"end":{"character":25,"line":4},"start":{"character":15,"line":4}}},{"kind":12,"name":"setup","range":{"end":{"character":1,"line":11},"start":{"character":0,"line":6}},"selectionRange":{"end":{"character":10,"line":6},"start":{"character":5,"line":6}}},{"kind":12,"name":"loop","range":{"end":{"character":1,"line":28},"start":{"character":0,"line":13}},"selectionRange":{"end":{"character":9,"line":13},"start":{"character":5,"line":13}}}]}

V[01:39:18.248] <<< {"id":6,"jsonrpc":"2.0","method":"textDocument/documentSymbol","params":{"textDocument":{"uri":"file:///C:/Users/Thiag/AppData/Local/Temp/arduino-language-server218210339/sketch/Serial.Transfer_library_rx.ino.cpp"}}}

I[01:39:18.248] <-- textDocument/documentSymbol(6)
V[01:39:18.248] ASTWorker running DocumentSymbols on version 1 of C:\Users\Thiag\AppData\Local\Temp\arduino-language-server218210339\sketch\Serial.Transfer_library_rx.ino.cpp
I[01:39:18.248] --> reply:textDocument/documentSymbol(6) 0 ms
V[01:39:18.248] >>> {"id":6,"jsonrpc":"2.0","result":[{"kind":13,"name":"myTransfer","range":{"end":{"character":25,"line":4},"start":{"character":0,"line":4}},"selectionRange":{"end":{"character":25,"line":4},"start":{"character":15,"line":4}}},{"kind":12,"name":"setup","range":{"end":{"character":1,"line":11},"start":{"character":0,"line":6}},"selectionRange":{"end":{"character":10,"line":6},"start":{"character":5,"line":6}}},{"kind":12,"name":"loop","range":{"end":{"character":1,"line":28},"start":{"character":0,"line":13}},"selectionRange":{"end":{"character":9,"line":13},"start":{"character":5,"line":13}}}]}

V[01:39:18.565] <<< {"id":7,"jsonrpc":"2.0","method":"textDocument/codeAction","params":{"context":{"diagnostics":[]},"range":{"end":{"character":0,"line":2},"start":{"character":0,"line":2}},"textDocument":{"uri":"file:///C:/Users/Thiag/AppData/Local/Temp/arduino-language-server218210339/sketch/Serial.Transfer_library_rx.ino.cpp"}}}

I[01:39:18.565] <-- textDocument/codeAction(7)
V[01:39:18.565] ASTWorker running EnumerateTweaks on version 1 of C:\Users\Thiag\AppData\Local\Temp\arduino-language-server218210339\sketch\Serial.Transfer_library_rx.ino.cpp
I[01:39:18.565] --> reply:textDocument/codeAction(7) 0 ms
V[01:39:18.565] >>> {"id":7,"jsonrpc":"2.0","result":[]}

V[01:41:25.268] <<< {"id":8,"jsonrpc":"2.0","method":"textDocument/hover","params":{"position":{"character":0,"line":27},"textDocument":{"uri":"file:///C:/Users/Thiag/AppData/Local/Temp/arduino-language-server218210339/sketch/Serial.Transfer_library_rx.ino.cpp"}}}

I[01:41:25.268] <-- textDocument/hover(8)
V[01:41:25.272] ASTWorker running Hover on version 1 of C:\Users\Thiag\AppData\Local\Temp\arduino-language-server218210339\sketch\Serial.Transfer_library_rx.ino.cpp
I[01:41:25.273] --> reply:textDocument/hover(8) 4 ms
V[01:41:25.273] >>> {"id":8,"jsonrpc":"2.0","result":null}

V[01:42:23.381] <<< {"id":9,"jsonrpc":"2.0","method":"textDocument/hover","params":{"position":{"character":19,"line":15},"textDocument":{"uri":"file:///C:/Users/Thiag/AppData/Local/Temp/arduino-language-server218210339/sketch/Serial.Transfer_library_rx.ino.cpp"}}}

I[01:42:23.381] <-- textDocument/hover(9)
V[01:42:23.385] ASTWorker running Hover on version 1 of C:\Users\Thiag\AppData\Local\Temp\arduino-language-server218210339\sketch\Serial.Transfer_library_rx.ino.cpp
I[01:42:23.387] --> reply:textDocument/hover(9) 6 ms
V[01:42:23.388] >>> {"id":9,"jsonrpc":"2.0","result":null}

V[01:42:23.902] <<< {"id":10,"jsonrpc":"2.0","method":"textDocument/hover","params":{"position":{"character":17,"line":15},"textDocument":{"uri":"file:///C:/Users/Thiag/AppData/Local/Temp/arduino-language-server218210339/sketch/Serial.Transfer_library_rx.ino.cpp"}}}

I[01:42:23.902] <-- textDocument/hover(10)
V[01:42:23.902] ASTWorker running Hover on version 1 of C:\Users\Thiag\AppData\Local\Temp\arduino-language-server218210339\sketch\Serial.Transfer_library_rx.ino.cpp
I[01:42:23.904] --> reply:textDocument/hover(10) 2 ms
V[01:42:23.904] >>> {"id":10,"jsonrpc":"2.0","result":null}

V[01:43:35.716] <<< {"id":11,"jsonrpc":"2.0","method":"textDocument/hover","params":{"position":{"character":22,"line":20},"textDocument":{"uri":"file:///C:/Users/Thiag/AppData/Local/Temp/arduino-language-server218210339/sketch/Serial.Transfer_library_rx.ino.cpp"}}}

I[01:43:35.716] <-- textDocument/hover(11)
V[01:43:35.721] ASTWorker running Hover on version 1 of C:\Users\Thiag\AppData\Local\Temp\arduino-language-server218210339\sketch\Serial.Transfer_library_rx.ino.cpp
I[01:43:35.723] --> reply:textDocument/hover(11) 7 ms
V[01:43:35.723] >>> {"id":11,"jsonrpc":"2.0","result":null}

V[01:43:37.513] <<< {"id":12,"jsonrpc":"2.0","method":"textDocument/hover","params":{"position":{"character":22,"line":20},"textDocument":{"uri":"file:///C:/Users/Thiag/AppData/Local/Temp/arduino-language-server218210339/sketch/Serial.Transfer_library_rx.ino.cpp"}}}

I[01:43:37.513] <-- textDocument/hover(12)
V[01:43:37.513] ASTWorker running Hover on version 1 of C:\Users\Thiag\AppData\Local\Temp\arduino-language-server218210339\sketch\Serial.Transfer_library_rx.ino.cpp
I[01:43:37.515] --> reply:textDocument/hover(12) 2 ms
V[01:43:37.515] >>> {"id":12,"jsonrpc":"2.0","result":null}

V[01:43:37.899] <<< {"id":13,"jsonrpc":"2.0","method":"textDocument/hover","params":{"position":{"character":22,"line":20},"textDocument":{"uri":"file:///C:/Users/Thiag/AppData/Local/Temp/arduino-language-server218210339/sketch/Serial.Transfer_library_rx.ino.cpp"}}}

I[01:43:37.899] <-- textDocument/hover(13)
V[01:43:37.899] ASTWorker running Hover on version 1 of C:\Users\Thiag\AppData\Local\Temp\arduino-language-server218210339\sketch\Serial.Transfer_library_rx.ino.cpp
I[01:43:37.901] --> reply:textDocument/hover(13) 1 ms
V[01:43:37.901] >>> {"id":13,"jsonrpc":"2.0","result":null}

V[01:43:38.071] <<< {"id":14,"jsonrpc":"2.0","method":"textDocument/hover","params":{"position":{"character":22,"line":21},"textDocument":{"uri":"file:///C:/Users/Thiag/AppData/Local/Temp/arduino-language-server218210339/sketch/Serial.Transfer_library_rx.ino.cpp"}}}

I[01:43:38.071] <-- textDocument/hover(14)
V[01:43:38.071] ASTWorker running Hover on version 1 of C:\Users\Thiag\AppData\Local\Temp\arduino-language-server218210339\sketch\Serial.Transfer_library_rx.ino.cpp
I[01:43:38.073] --> reply:textDocument/hover(14) 2 ms
V[01:43:38.073] >>> {"id":14,"jsonrpc":"2.0","result":null}

V[01:43:38.480] <<< {"id":15,"jsonrpc":"2.0","method":"textDocument/hover","params":{"position":{"character":21,"line":21},"textDocument":{"uri":"file:///C:/Users/Thiag/AppData/Local/Temp/arduino-language-server218210339/sketch/Serial.Transfer_library_rx.ino.cpp"}}}

I[01:43:38.480] <-- textDocument/hover(15)
V[01:43:38.480] ASTWorker running Hover on version 1 of C:\Users\Thiag\AppData\Local\Temp\arduino-language-server218210339\sketch\Serial.Transfer_library_rx.ino.cpp
I[01:43:38.482] --> reply:textDocument/hover(15) 1 ms
V[01:43:38.482] >>> {"id":15,"jsonrpc":"2.0","result":null}

V[01:43:38.819] <<< {"id":16,"jsonrpc":"2.0","method":"textDocument/hover","params":{"position":{"character":21,"line":21},"textDocument":{"uri":"file:///C:/Users/Thiag/AppData/Local/Temp/arduino-language-server218210339/sketch/Serial.Transfer_library_rx.ino.cpp"}}}

I[01:43:38.819] <-- textDocument/hover(16)
V[01:43:38.819] ASTWorker running Hover on version 1 of C:\Users\Thiag\AppData\Local\Temp\arduino-language-server218210339\sketch\Serial.Transfer_library_rx.ino.cpp
I[01:43:38.821] --> reply:textDocument/hover(16) 1 ms
V[01:43:38.821] >>> {"id":16,"jsonrpc":"2.0","result":null}

V[01:43:39.972] <<< {"id":17,"jsonrpc":"2.0","method":"textDocument/hover","params":{"position":{"character":21,"line":21},"textDocument":{"uri":"file:///C:/Users/Thiag/AppData/Local/Temp/arduino-language-server218210339/sketch/Serial.Transfer_library_rx.ino.cpp"}}}

I[01:43:39.972] <-- textDocument/hover(17)
V[01:43:39.972] ASTWorker running Hover on version 1 of C:\Users\Thiag\AppData\Local\Temp\arduino-language-server218210339\sketch\Serial.Transfer_library_rx.ino.cpp
I[01:43:39.974] --> reply:textDocument/hover(17) 2 ms
V[01:43:39.974] >>> {"id":17,"jsonrpc":"2.0","result":null}

V[01:43:43.985] <<< {"id":18,"jsonrpc":"2.0","method":"textDocument/hover","params":{"position":{"character":20,"line":21},"textDocument":{"uri":"file:///C:/Users/Thiag/AppData/Local/Temp/arduino-language-server218210339/sketch/Serial.Transfer_library_rx.ino.cpp"}}}

I[01:43:43.985] <-- textDocument/hover(18)
V[01:43:43.989] ASTWorker running Hover on version 1 of C:\Users\Thiag\AppData\Local\Temp\arduino-language-server218210339\sketch\Serial.Transfer_library_rx.ino.cpp
I[01:43:43.990] --> reply:textDocument/hover(18) 5 ms
V[01:43:43.990] >>> {"id":18,"jsonrpc":"2.0","result":null}

V[01:43:45.236] <<< {"id":19,"jsonrpc":"2.0","method":"textDocument/hover","params":{"position":{"character":26,"line":21},"textDocument":{"uri":"file:///C:/Users/Thiag/AppData/Local/Temp/arduino-language-server218210339/sketch/Serial.Transfer_library_rx.ino.cpp"}}}

I[01:43:45.236] <-- textDocument/hover(19)
V[01:43:45.236] ASTWorker running Hover on version 1 of C:\Users\Thiag\AppData\Local\Temp\arduino-language-server218210339\sketch\Serial.Transfer_library_rx.ino.cpp
I[01:43:45.239] --> reply:textDocument/hover(19) 2 ms
V[01:43:45.239] >>> {"id":19,"jsonrpc":"2.0","result":null}

V[01:43:46.511] <<< {"id":20,"jsonrpc":"2.0","method":"textDocument/hover","params":{"position":{"character":26,"line":21},"textDocument":{"uri":"file:///C:/Users/Thiag/AppData/Local/Temp/arduino-language-server218210339/sketch/Serial.Transfer_library_rx.ino.cpp"}}}

I[01:43:46.511] <-- textDocument/hover(20)
V[01:43:46.511] ASTWorker running Hover on version 1 of C:\Users\Thiag\AppData\Local\Temp\arduino-language-server218210339\sketch\Serial.Transfer_library_rx.ino.cpp
I[01:43:46.513] --> reply:textDocument/hover(20) 2 ms
V[01:43:46.513] >>> {"id":20,"jsonrpc":"2.0","result":null}

V[01:49:57.404] <<< {"id":21,"jsonrpc":"2.0","method":"shutdown","params":null}

I[01:49:57.404] <-- shutdown(21)
I[01:49:57.404] --> reply:shutdown(21) 0 ms
V[01:49:57.404] >>> {"id":21,"jsonrpc":"2.0","result":null}

V[01:49:57.406] <<< {"jsonrpc":"2.0","method":"exit","params":null}

I[01:49:57.406] <-- exit
I[01:49:57.406] LSP finished, exiting with status 0
