






Started logging.

<<<
Content-Length: 3214

{"jsonrpc":"2.0","id":0,"method":"initialize","params":{"processId":18552,"clientInfo":{"name":"vscode","version":"1.53.2"},"rootPath":"d:\\Users\\Thiago\\Documents\\GitHub\\Computing_Systems_project\\CODE\\Serial.Transfer_library_rx","rootUri":"file:///d%3A/Users/Thiago/Documents/GitHub/Computing_Systems_project/CODE/Serial.Transfer_library_rx","capabilities":{"workspace":{"applyEdit":true,"workspaceEdit":{"documentChanges":true,"resourceOperations":["create","rename","delete"],"failureHandling":"textOnlyTransactional"},"didChangeConfiguration":{"dynamicRegistration":true},"didChangeWatchedFiles":{"dynamicRegistration":true},"symbol":{"dynamicRegistration":true,"symbolKind":{"valueSet":[1,2,3,4,5,6,7,8,9,10,11,12,13,14,15,16,17,18,19,20,21,22,23,24,25,26]}},"executeCommand":{"dynamicRegistration":true},"configuration":true,"workspaceFolders":true},"textDocument":{"publishDiagnostics":{"relatedInformation":true,"versionSupport":false,"tagSupport":{"valueSet":[1,2]}},"synchronization":{"dynamicRegistration":true,"willSave":true,"willSaveWaitUntil":true,"didSave":true},"completion":{"dynamicRegistration":true,"contextSupport":true,"completionItem":{"snippetSupport":true,"commitCharactersSupport":true,"documentationFormat":["markdown","plaintext"],"deprecatedSupport":true,"preselectSupport":true,"tagSupport":{"valueSet":[1]}},"completionItemKind":{"valueSet":[1,2,3,4,5,6,7,8,9,10,11,12,13,14,15,16,17,18,19,20,21,22,23,24,25]}},"hover":{"dynamicRegistration":true,"contentFormat":["markdown","plaintext"]},"signatureHelp":{"dynamicRegistration":true,"signatureInformation":{"documentationFormat":["markdown","plaintext"],"parameterInformation":{"labelOffsetSupport":true}},"contextSupport":true},"definition":{"dynamicRegistration":true,"linkSupport":true},"references":{"dynamicRegistration":true},"documentHighlight":{"dynamicRegistration":true},"documentSymbol":{"dynamicRegistration":true,"symbolKind":{"valueSet":[1,2,3,4,5,6,7,8,9,10,11,12,13,14,15,16,17,18,19,20,21,22,23,24,25,26]},"hierarchicalDocumentSymbolSupport":true},"codeAction":{"dynamicRegistration":true,"isPreferredSupport":true,"codeActionLiteralSupport":{"codeActionKind":{"valueSet":["","quickfix","refactor","refactor.extract","refactor.inline","refactor.rewrite","source","source.organizeImports"]}}},"codeLens":{"dynamicRegistration":true},"formatting":{"dynamicRegistration":true},"rangeFormatting":{"dynamicRegistration":true},"onTypeFormatting":{"dynamicRegistration":true},"rename":{"dynamicRegistration":true,"prepareSupport":true},"documentLink":{"dynamicRegistration":true,"tooltipSupport":true},"typeDefinition":{"dynamicRegistration":true,"linkSupport":true},"implementation":{"dynamicRegistration":true,"linkSupport":true},"colorProvider":{"dynamicRegistration":true},"foldingRange":{"dynamicRegistration":true,"rangeLimit":5000,"lineFoldingOnly":true},"declaration":{"dynamicRegistration":true,"linkSupport":true},"selectionRange":{"dynamicRegistration":true}},"window":{"workDoneProgress":true}},"initializationOptions":{},"trace":"off","workspaceFolders":[{"uri":"file:///d%3A/Users/Thiago/Documents/GitHub/Computing_Systems_project/CODE/Serial.Transfer_library_rx","name":"Serial.Transfer_library_rx"}]}}
>>>
Content-Length: 598

{"id":0,"result":{"capabilities":{"textDocumentSync":2,"hoverProvider":true,"completionProvider":{"triggerCharacters":[".","\u003e",":"]},"signatureHelpProvider":{"triggerCharacters":["(",","]},"definitionProvider":true,"documentHighlightProvider":true,"documentSymbolProvider":true,"workspaceSymbolProvider":true,"codeActionProvider":true,"documentFormattingProvider":true,"documentRangeFormattingProvider":true,"documentOnTypeFormattingProvider":{"firstTriggerCharacter":"\n"},"renameProvider":false,"executeCommandProvider":{"commands":["clangd.applyFix","clangd.applyTweak"]}}},"jsonrpc":"2.0"}
<<<
Content-Length: 52

{"jsonrpc":"2.0","method":"initialized","params":{}}Content-Length: 793

{"jsonrpc":"2.0","method":"textDocument/didOpen","params":{"textDocument":{"uri":"file:///d%3A/Users/Thiago/Documents/GitHub/Computing_Systems_project/CODE/Serial.Transfer_library_rx/Serial.Transfer_library_rx.ino","languageId":"cpp","version":1,"text":"#include \"SerialTransfer.h\"\r\n\r\nSerialTransfer myTransfer;\r\n\r\nvoid setup()\r\n{\r\n  Serial.begin(115200);\r\n  Serial1.begin(115200);\r\n  myTransfer.begin(Serial1);\r\n}\r\n\r\nvoid loop()\r\n{\r\n  if(myTransfer.available())\r\n  {\r\n    float myFloat;\r\n    \r\n    Serial.print(\"New Data: \");\r\n    myTransfer.rxObj(myFloat, sizeof(myFloat));\r\n    Serial.println(myFloat);\r\n  }\r\n  else if(myTransfer.status < 0)\r\n  {\r\n    Serial.print(\"ERROR: \");\r\n    Serial.println(myTransfer.status);\r\n  }\r\n}\r\n"}}}Content-Length: 330

{"jsonrpc":"2.0","id":1,"method":"textDocument/codeAction","params":{"textDocument":{"uri":"file:///d%3A/Users/Thiago/Documents/GitHub/Computing_Systems_project/CODE/Serial.Transfer_library_rx/Serial.Transfer_library_rx.ino"},"range":{"start":{"line":0,"character":0},"end":{"line":0,"character":0}},"context":{"diagnostics":[]}}}Content-Length: 231

{"jsonrpc":"2.0","id":2,"method":"textDocument/documentSymbol","params":{"textDocument":{"uri":"file:///d%3A/Users/Thiago/Documents/GitHub/Computing_Systems_project/CODE/Serial.Transfer_library_rx/Serial.Transfer_library_rx.ino"}}}Content-Length: 62

{"jsonrpc":"2.0","method":"$/cancelRequest","params":{"id":2}}Content-Length: 231

{"jsonrpc":"2.0","id":3,"method":"textDocument/documentSymbol","params":{"textDocument":{"uri":"file:///d%3A/Users/Thiago/Documents/GitHub/Computing_Systems_project/CODE/Serial.Transfer_library_rx/Serial.Transfer_library_rx.ino"}}}
>>>
Content-Length: 111

{"method":"window/workDoneProgress/create","params":{"token":"backgroundIndexProgress"},"id":0,"jsonrpc":"2.0"}Content-Length: 36

{"id":1,"result":[],"jsonrpc":"2.0"}Content-Length: 1711

{"method":"textDocument/publishDiagnostics","params":{"uri":"file:///d%3A/Users/Thiago/Documents/GitHub/Computing_Systems_project/CODE/Serial.Transfer_library_rx/Serial.Transfer_library_rx.ino","diagnostics":[{"range":{"start":{"line":2,"character":0},"end":{"line":2,"character":14}},"severity":1,"code":"unknown_typename","source":"clang","message":"Unknown type name 'SerialTransfer'"},{"range":{"start":{"line":6,"character":2},"end":{"line":6,"character":8}},"severity":1,"code":"undeclared_var_use","source":"clang","message":"Use of undeclared identifier 'Serial'"},{"range":{"start":{"line":7,"character":2},"end":{"line":7,"character":9}},"severity":1,"code":"undeclared_var_use","source":"clang","message":"Use of undeclared identifier 'Serial1'"},{"range":{"start":{"line":8,"character":19},"end":{"line":8,"character":26}},"severity":1,"code":"undeclared_var_use","source":"clang","message":"Use of undeclared identifier 'Serial1'"},{"range":{"start":{"line":17,"character":4},"end":{"line":17,"character":10}},"severity":1,"code":"undeclared_var_use","source":"clang","message":"Use of undeclared identifier 'Serial'"},{"range":{"start":{"line":19,"character":4},"end":{"line":19,"character":10}},"severity":1,"code":"undeclared_var_use","source":"clang","message":"Use of undeclared identifier 'Serial'"},{"range":{"start":{"line":23,"character":4},"end":{"line":23,"character":10}},"severity":1,"code":"undeclared_var_use","source":"clang","message":"Use of undeclared identifier 'Serial'"},{"range":{"start":{"line":24,"character":4},"end":{"line":24,"character":10}},"severity":1,"code":"undeclared_var_use","source":"clang","message":"Use of undeclared identifier 'Serial'"}]},"jsonrpc":"2.0"}Content-Length: 599

{"id":2,"result":[{"name":"myTransfer","kind":13,"range":{"start":{"line":2,"character":0},"end":{"line":2,"character":25}},"selectionRange":{"start":{"line":2,"character":15},"end":{"line":2,"character":25}}},{"name":"setup","kind":12,"range":{"start":{"line":4,"character":0},"end":{"line":9,"character":1}},"selectionRange":{"start":{"line":4,"character":5},"end":{"line":4,"character":10}}},{"name":"loop","kind":12,"range":{"start":{"line":11,"character":0},"end":{"line":26,"character":1}},"selectionRange":{"start":{"line":11,"character":5},"end":{"line":11,"character":9}}}],"jsonrpc":"2.0"}Content-Length: 599

{"id":3,"result":[{"name":"myTransfer","kind":13,"range":{"start":{"line":2,"character":0},"end":{"line":2,"character":25}},"selectionRange":{"start":{"line":2,"character":15},"end":{"line":2,"character":25}}},{"name":"setup","kind":12,"range":{"start":{"line":4,"character":0},"end":{"line":9,"character":1}},"selectionRange":{"start":{"line":4,"character":5},"end":{"line":4,"character":10}}},{"name":"loop","kind":12,"range":{"start":{"line":11,"character":0},"end":{"line":26,"character":1}},"selectionRange":{"start":{"line":11,"character":5},"end":{"line":11,"character":9}}}],"jsonrpc":"2.0"}
<<<
Content-Length: 38

{"jsonrpc":"2.0","id":0,"result":null}
>>>
Content-Length: 143

{"method":"$/progress","params":{"token":"backgroundIndexProgress","value":{"title":"indexing","percentage":0,"kind":"begin"}},"jsonrpc":"2.0"}Content-Length: 107

{"method":"$/progress","params":{"token":"backgroundIndexProgress","value":{"kind":"end"}},"jsonrpc":"2.0"}
<<<
Content-Length: 330

{"jsonrpc":"2.0","id":4,"method":"textDocument/codeAction","params":{"textDocument":{"uri":"file:///d%3A/Users/Thiago/Documents/GitHub/Computing_Systems_project/CODE/Serial.Transfer_library_rx/Serial.Transfer_library_rx.ino"},"range":{"start":{"line":0,"character":0},"end":{"line":0,"character":0}},"context":{"diagnostics":[]}}}
>>>
Content-Length: 36

{"id":4,"result":[],"jsonrpc":"2.0"}
<<<
Content-Length: 259

{"jsonrpc":"2.0","id":5,"method":"textDocument/hover","params":{"textDocument":{"uri":"file:///d%3A/Users/Thiago/Documents/GitHub/Computing_Systems_project/CODE/Serial.Transfer_library_rx/Serial.Transfer_library_rx.ino"},"position":{"line":25,"character":0}}}
>>>
Content-Length: 38

{"id":5,"result":null,"jsonrpc":"2.0"}
<<<
Content-Length: 260

{"jsonrpc":"2.0","id":6,"method":"textDocument/hover","params":{"textDocument":{"uri":"file:///d%3A/Users/Thiago/Documents/GitHub/Computing_Systems_project/CODE/Serial.Transfer_library_rx/Serial.Transfer_library_rx.ino"},"position":{"line":13,"character":19}}}
>>>
Content-Length: 38

{"id":6,"result":null,"jsonrpc":"2.0"}
<<<
Content-Length: 260

{"jsonrpc":"2.0","id":7,"method":"textDocument/hover","params":{"textDocument":{"uri":"file:///d%3A/Users/Thiago/Documents/GitHub/Computing_Systems_project/CODE/Serial.Transfer_library_rx/Serial.Transfer_library_rx.ino"},"position":{"line":13,"character":17}}}
>>>
Content-Length: 38

{"id":7,"result":null,"jsonrpc":"2.0"}
<<<
Content-Length: 260

{"jsonrpc":"2.0","id":8,"method":"textDocument/hover","params":{"textDocument":{"uri":"file:///d%3A/Users/Thiago/Documents/GitHub/Computing_Systems_project/CODE/Serial.Transfer_library_rx/Serial.Transfer_library_rx.ino"},"position":{"line":18,"character":22}}}
>>>
Content-Length: 38

{"id":8,"result":null,"jsonrpc":"2.0"}
<<<
Content-Length: 260

{"jsonrpc":"2.0","id":9,"method":"textDocument/hover","params":{"textDocument":{"uri":"file:///d%3A/Users/Thiago/Documents/GitHub/Computing_Systems_project/CODE/Serial.Transfer_library_rx/Serial.Transfer_library_rx.ino"},"position":{"line":18,"character":22}}}
>>>
Content-Length: 38

{"id":9,"result":null,"jsonrpc":"2.0"}
<<<
Content-Length: 261

{"jsonrpc":"2.0","id":10,"method":"textDocument/hover","params":{"textDocument":{"uri":"file:///d%3A/Users/Thiago/Documents/GitHub/Computing_Systems_project/CODE/Serial.Transfer_library_rx/Serial.Transfer_library_rx.ino"},"position":{"line":18,"character":22}}}
>>>
Content-Length: 39

{"id":10,"result":null,"jsonrpc":"2.0"}
<<<
Content-Length: 261

{"jsonrpc":"2.0","id":11,"method":"textDocument/hover","params":{"textDocument":{"uri":"file:///d%3A/Users/Thiago/Documents/GitHub/Computing_Systems_project/CODE/Serial.Transfer_library_rx/Serial.Transfer_library_rx.ino"},"position":{"line":19,"character":22}}}
>>>
Content-Length: 39

{"id":11,"result":null,"jsonrpc":"2.0"}
<<<
Content-Length: 261

{"jsonrpc":"2.0","id":12,"method":"textDocument/hover","params":{"textDocument":{"uri":"file:///d%3A/Users/Thiago/Documents/GitHub/Computing_Systems_project/CODE/Serial.Transfer_library_rx/Serial.Transfer_library_rx.ino"},"position":{"line":19,"character":21}}}
>>>
Content-Length: 39

{"id":12,"result":null,"jsonrpc":"2.0"}
<<<
Content-Length: 261

{"jsonrpc":"2.0","id":13,"method":"textDocument/hover","params":{"textDocument":{"uri":"file:///d%3A/Users/Thiago/Documents/GitHub/Computing_Systems_project/CODE/Serial.Transfer_library_rx/Serial.Transfer_library_rx.ino"},"position":{"line":19,"character":21}}}
>>>
Content-Length: 39

{"id":13,"result":null,"jsonrpc":"2.0"}
<<<
Content-Length: 261

{"jsonrpc":"2.0","id":14,"method":"textDocument/hover","params":{"textDocument":{"uri":"file:///d%3A/Users/Thiago/Documents/GitHub/Computing_Systems_project/CODE/Serial.Transfer_library_rx/Serial.Transfer_library_rx.ino"},"position":{"line":19,"character":21}}}
>>>
Content-Length: 39

{"id":14,"result":null,"jsonrpc":"2.0"}
<<<
Content-Length: 261

{"jsonrpc":"2.0","id":15,"method":"textDocument/hover","params":{"textDocument":{"uri":"file:///d%3A/Users/Thiago/Documents/GitHub/Computing_Systems_project/CODE/Serial.Transfer_library_rx/Serial.Transfer_library_rx.ino"},"position":{"line":19,"character":20}}}
>>>
Content-Length: 39

{"id":15,"result":null,"jsonrpc":"2.0"}
<<<
Content-Length: 261

{"jsonrpc":"2.0","id":16,"method":"textDocument/hover","params":{"textDocument":{"uri":"file:///d%3A/Users/Thiago/Documents/GitHub/Computing_Systems_project/CODE/Serial.Transfer_library_rx/Serial.Transfer_library_rx.ino"},"position":{"line":19,"character":26}}}
>>>
Content-Length: 39

{"id":16,"result":null,"jsonrpc":"2.0"}
<<<
Content-Length: 261

{"jsonrpc":"2.0","id":17,"method":"textDocument/hover","params":{"textDocument":{"uri":"file:///d%3A/Users/Thiago/Documents/GitHub/Computing_Systems_project/CODE/Serial.Transfer_library_rx/Serial.Transfer_library_rx.ino"},"position":{"line":19,"character":26}}}
>>>
Content-Length: 39

{"id":17,"result":null,"jsonrpc":"2.0"}
<<<
Content-Length: 59

{"jsonrpc":"2.0","id":18,"method":"shutdown","params":null}
>>>
Content-Length: 39

{"id":18,"result":null,"jsonrpc":"2.0"}
<<<
Content-Length: 47

{"jsonrpc":"2.0","method":"exit","params":null}